<?xml version="1.0" encoding="UTF-8"?>
<testng-results skipped="0" failed="0" total="2" passed="2">
  <reporter-output>
  </reporter-output>
  <suite name="Default suite" duration-ms="12850" started-at="2021-08-05T07:59:00Z" finished-at="2021-08-05T07:59:13Z">
    <groups>
    </groups>
    <test name="Default test" duration-ms="12850" started-at="2021-08-05T07:59:00Z" finished-at="2021-08-05T07:59:13Z">
      <class name="DemoPractice.DemoWebshop">
        <test-method status="PASS" signature="browser()[pri:0, instance:DemoPractice.DemoWebshop@47f37ef1]" name="browser" is-config="true" duration-ms="3069" started-at="2021-08-05T13:28:57Z" finished-at="2021-08-05T13:29:00Z">
          <reporter-output>
          </reporter-output>
        </test-method> <!-- browser -->
        <test-method status="PASS" signature="openurl()[pri:0, instance:DemoPractice.DemoWebshop@47f37ef1]" name="openurl" is-config="true" duration-ms="9482" started-at="2021-08-05T13:29:00Z" finished-at="2021-08-05T13:29:10Z">
          <reporter-output>
          </reporter-output>
        </test-method> <!-- openurl -->
        <test-method status="PASS" signature="maximize()[pri:0, instance:DemoPractice.DemoWebshop@47f37ef1]" name="maximize" is-config="true" duration-ms="191" started-at="2021-08-05T13:29:10Z" finished-at="2021-08-05T13:29:10Z">
          <reporter-output>
          </reporter-output>
        </test-method> <!-- maximize -->
        <test-method status="PASS" signature="log4j()[pri:0, instance:DemoPractice.DemoWebshop@47f37ef1]" name="log4j" duration-ms="27" started-at="2021-08-05T13:29:10Z" finished-at="2021-08-05T13:29:10Z">
          <reporter-output>
          </reporter-output>
        </test-method> <!-- log4j -->
        <test-method status="PASS" signature="register()[pri:0, instance:DemoPractice.DemoWebshop@47f37ef1]" name="register" duration-ms="3140" started-at="2021-08-05T13:29:10Z" finished-at="2021-08-05T13:29:13Z">
          <reporter-output>
          </reporter-output>
        </test-method> <!-- register -->
      </class> <!-- DemoPractice.DemoWebshop -->
    </test> <!-- Default test -->
  </suite> <!-- Default suite -->
</testng-results>
